<?xml version="1.0" encoding="UTF-8"?>
<testsuite name="kom.komputer.springstudy.springboot.domain.posts.PostsRepositoryTest" tests="1" skipped="0" failures="0" errors="0" timestamp="2022-04-07T09:38:14" hostname="Komputers" time="0.318">
  <properties/>
  <testcase name="BaseTimeEntity_등록" classname="kom.komputer.springstudy.springboot.domain.posts.PostsRepositoryTest" time="0.318"/>
  <system-out><![CDATA[18:38:09.754 [Test worker] DEBUG org.springframework.test.context.junit4.SpringJUnit4ClassRunner - SpringJUnit4ClassRunner constructor called with [class kom.komputer.springstudy.springboot.domain.posts.PostsRepositoryTest]
18:38:09.761 [Test worker] DEBUG org.springframework.test.context.BootstrapUtils - Instantiating CacheAwareContextLoaderDelegate from class [org.springframework.test.context.cache.DefaultCacheAwareContextLoaderDelegate]
18:38:09.767 [Test worker] DEBUG org.springframework.test.context.BootstrapUtils - Instantiating BootstrapContext using constructor [public org.springframework.test.context.support.DefaultBootstrapContext(java.lang.Class,org.springframework.test.context.CacheAwareContextLoaderDelegate)]
18:38:09.782 [Test worker] DEBUG org.springframework.test.context.BootstrapUtils - Instantiating TestContextBootstrapper for test class [kom.komputer.springstudy.springboot.domain.posts.PostsRepositoryTest] from class [org.springframework.boot.test.context.SpringBootTestContextBootstrapper]
18:38:09.795 [Test worker] INFO org.springframework.boot.test.context.SpringBootTestContextBootstrapper - Neither @ContextConfiguration nor @ContextHierarchy found for test class [kom.komputer.springstudy.springboot.domain.posts.PostsRepositoryTest], using SpringBootContextLoader
18:38:09.798 [Test worker] DEBUG org.springframework.test.context.support.AbstractContextLoader - Did not detect default resource location for test class [kom.komputer.springstudy.springboot.domain.posts.PostsRepositoryTest]: class path resource [kom/komputer/springstudy/springboot/domain/posts/PostsRepositoryTest-context.xml] does not exist
18:38:09.798 [Test worker] DEBUG org.springframework.test.context.support.AbstractContextLoader - Did not detect default resource location for test class [kom.komputer.springstudy.springboot.domain.posts.PostsRepositoryTest]: class path resource [kom/komputer/springstudy/springboot/domain/posts/PostsRepositoryTestContext.groovy] does not exist
18:38:09.798 [Test worker] INFO org.springframework.test.context.support.AbstractContextLoader - Could not detect default resource locations for test class [kom.komputer.springstudy.springboot.domain.posts.PostsRepositoryTest]: no resource found for suffixes {-context.xml, Context.groovy}.
18:38:09.799 [Test worker] INFO org.springframework.test.context.support.AnnotationConfigContextLoaderUtils - Could not detect default configuration classes for test class [kom.komputer.springstudy.springboot.domain.posts.PostsRepositoryTest]: PostsRepositoryTest does not declare any static, non-private, non-final, nested classes annotated with @Configuration.
18:38:09.841 [Test worker] DEBUG org.springframework.test.context.support.ActiveProfilesUtils - Could not find an 'annotation declaring class' for annotation type [org.springframework.test.context.ActiveProfiles] and class [kom.komputer.springstudy.springboot.domain.posts.PostsRepositoryTest]
18:38:09.913 [Test worker] DEBUG org.springframework.context.annotation.ClassPathScanningCandidateComponentProvider - Identified candidate component class: file [C:\Users\Komputer\Desktop\Komputer\Dev\Projects\Study\Spring_Study_Team\build\classes\java\main\kom\komputer\springstudy\springboot\Application.class]
18:38:09.914 [Test worker] INFO org.springframework.boot.test.context.SpringBootTestContextBootstrapper - Found @SpringBootConfiguration kom.komputer.springstudy.springboot.Application for test class kom.komputer.springstudy.springboot.domain.posts.PostsRepositoryTest
18:38:10.010 [Test worker] DEBUG org.springframework.boot.test.context.SpringBootTestContextBootstrapper - @TestExecutionListeners is not present for class [kom.komputer.springstudy.springboot.domain.posts.PostsRepositoryTest]: using defaults.
18:38:10.011 [Test worker] INFO org.springframework.boot.test.context.SpringBootTestContextBootstrapper - Loaded default TestExecutionListener class names from location [META-INF/spring.factories]: [org.springframework.boot.test.autoconfigure.restdocs.RestDocsTestExecutionListener, org.springframework.boot.test.autoconfigure.web.client.MockRestServiceServerResetTestExecutionListener, org.springframework.boot.test.autoconfigure.web.servlet.MockMvcPrintOnlyOnFailureTestExecutionListener, org.springframework.boot.test.autoconfigure.web.servlet.WebDriverTestExecutionListener, org.springframework.boot.test.mock.mockito.MockitoTestExecutionListener, org.springframework.boot.test.mock.mockito.ResetMocksTestExecutionListener, org.springframework.test.context.web.ServletTestExecutionListener, org.springframework.test.context.support.DirtiesContextBeforeModesTestExecutionListener, org.springframework.test.context.support.DependencyInjectionTestExecutionListener, org.springframework.test.context.support.DirtiesContextTestExecutionListener, org.springframework.test.context.transaction.TransactionalTestExecutionListener, org.springframework.test.context.jdbc.SqlScriptsTestExecutionListener]
18:38:10.030 [Test worker] INFO org.springframework.boot.test.context.SpringBootTestContextBootstrapper - Using TestExecutionListeners: [org.springframework.test.context.web.ServletTestExecutionListener@15bdb3a2, org.springframework.test.context.support.DirtiesContextBeforeModesTestExecutionListener@29729b74, org.springframework.boot.test.mock.mockito.MockitoTestExecutionListener@40557c91, org.springframework.boot.test.autoconfigure.SpringBootDependencyInjectionTestExecutionListener@200a701a, org.springframework.test.context.support.DirtiesContextTestExecutionListener@58d2f71a, org.springframework.test.context.transaction.TransactionalTestExecutionListener@65c67e4f, org.springframework.test.context.jdbc.SqlScriptsTestExecutionListener@e9c3792, org.springframework.boot.test.autoconfigure.restdocs.RestDocsTestExecutionListener@7d650cfb, org.springframework.boot.test.autoconfigure.web.client.MockRestServiceServerResetTestExecutionListener@32405e6a, org.springframework.boot.test.autoconfigure.web.servlet.MockMvcPrintOnlyOnFailureTestExecutionListener@64227a6b, org.springframework.boot.test.autoconfigure.web.servlet.WebDriverTestExecutionListener@b6de1da, org.springframework.boot.test.mock.mockito.ResetMocksTestExecutionListener@5eba2698]
18:38:10.033 [Test worker] DEBUG org.springframework.test.annotation.ProfileValueUtils - Retrieved @ProfileValueSourceConfiguration [null] for test class [kom.komputer.springstudy.springboot.domain.posts.PostsRepositoryTest]
18:38:10.033 [Test worker] DEBUG org.springframework.test.annotation.ProfileValueUtils - Retrieved ProfileValueSource type [class org.springframework.test.annotation.SystemProfileValueSource] for class [kom.komputer.springstudy.springboot.domain.posts.PostsRepositoryTest]
18:38:10.036 [Test worker] DEBUG org.springframework.test.annotation.ProfileValueUtils - Retrieved @ProfileValueSourceConfiguration [null] for test class [kom.komputer.springstudy.springboot.domain.posts.PostsRepositoryTest]
18:38:10.037 [Test worker] DEBUG org.springframework.test.annotation.ProfileValueUtils - Retrieved ProfileValueSource type [class org.springframework.test.annotation.SystemProfileValueSource] for class [kom.komputer.springstudy.springboot.domain.posts.PostsRepositoryTest]
18:38:10.037 [Test worker] DEBUG org.springframework.test.annotation.ProfileValueUtils - Retrieved @ProfileValueSourceConfiguration [null] for test class [kom.komputer.springstudy.springboot.domain.posts.PostsRepositoryTest]
18:38:10.037 [Test worker] DEBUG org.springframework.test.annotation.ProfileValueUtils - Retrieved ProfileValueSource type [class org.springframework.test.annotation.SystemProfileValueSource] for class [kom.komputer.springstudy.springboot.domain.posts.PostsRepositoryTest]
18:38:10.041 [Test worker] DEBUG org.springframework.test.context.support.AbstractDirtiesContextTestExecutionListener - Before test class: context [DefaultTestContext@3f400079 testClass = PostsRepositoryTest, testInstance = [null], testMethod = [null], testException = [null], mergedContextConfiguration = [WebMergedContextConfiguration@e3ba6e9 testClass = PostsRepositoryTest, locations = '{}', classes = '{class kom.komputer.springstudy.springboot.Application}', contextInitializerClasses = '[]', activeProfiles = '{}', propertySourceLocations = '{}', propertySourceProperties = '{org.springframework.boot.test.context.SpringBootTestContextBootstrapper=true}', contextCustomizers = set[org.springframework.boot.test.autoconfigure.properties.PropertyMappingContextCustomizer@0, org.springframework.boot.test.autoconfigure.web.servlet.WebDriverContextCustomizerFactory$Customizer@290371b8, org.springframework.boot.test.context.filter.ExcludeFilterContextCustomizer@791d2814, org.springframework.boot.test.json.DuplicateJsonObjectContextCustomizerFactory$DuplicateJsonObjectContextCustomizer@501b72dc, org.springframework.boot.test.mock.mockito.MockitoContextCustomizer@0, org.springframework.boot.test.web.client.TestRestTemplateContextCustomizer@47e1f379], resourceBasePath = 'src/main/webapp', contextLoader = 'org.springframework.boot.test.context.SpringBootContextLoader', parent = [null]], attributes = map['org.springframework.test.context.web.ServletTestExecutionListener.activateListener' -> true]], class annotated with @DirtiesContext [false] with mode [null].
18:38:10.041 [Test worker] DEBUG org.springframework.test.annotation.ProfileValueUtils - Retrieved @ProfileValueSourceConfiguration [null] for test class [kom.komputer.springstudy.springboot.domain.posts.PostsRepositoryTest]
18:38:10.041 [Test worker] DEBUG org.springframework.test.annotation.ProfileValueUtils - Retrieved ProfileValueSource type [class org.springframework.test.annotation.SystemProfileValueSource] for class [kom.komputer.springstudy.springboot.domain.posts.PostsRepositoryTest]
18:38:10.066 [Test worker] DEBUG org.springframework.test.context.support.TestPropertySourceUtils - Adding inlined properties to environment: {spring.jmx.enabled=false, org.springframework.boot.test.context.SpringBootTestContextBootstrapper=true, server.port=-1}

  .   ____          _            __ _ _
 /\\ / ___'_ __ _ _(_)_ __  __ _ \ \ \ \
( ( )\___ | '_ | '_| | '_ \/ _` | \ \ \ \
 \\/  ___)| |_)| | | | | || (_| |  ) ) ) )
  '  |____| .__|_| |_|_| |_\__, | / / / /
 =========|_|==============|___/=/_/_/_/
 :: Spring Boot ::        (v2.1.7.RELEASE)

2022-04-07 18:38:10.267  INFO 24148 --- [    Test worker] k.k.s.s.d.posts.PostsRepositoryTest      : Starting PostsRepositoryTest on Komputers with PID 24148 (started by Komputer in C:\Users\Komputer\Desktop\Komputer\Dev\Projects\Study\Spring_Study_Team)
2022-04-07 18:38:10.268  INFO 24148 --- [    Test worker] k.k.s.s.d.posts.PostsRepositoryTest      : No active profile set, falling back to default profiles: default
2022-04-07 18:38:10.853  INFO 24148 --- [    Test worker] .s.d.r.c.RepositoryConfigurationDelegate : Bootstrapping Spring Data repositories in DEFAULT mode.
2022-04-07 18:38:10.919  INFO 24148 --- [    Test worker] .s.d.r.c.RepositoryConfigurationDelegate : Finished Spring Data repository scanning in 59ms. Found 1 repository interfaces.
2022-04-07 18:38:11.263  INFO 24148 --- [    Test worker] trationDelegate$BeanPostProcessorChecker : Bean 'org.springframework.transaction.annotation.ProxyTransactionManagementConfiguration' of type [org.springframework.transaction.annotation.ProxyTransactionManagementConfiguration$$EnhancerBySpringCGLIB$$bed4f258] is not eligible for getting processed by all BeanPostProcessors (for example: not eligible for auto-proxying)
2022-04-07 18:38:11.474  INFO 24148 --- [    Test worker] com.zaxxer.hikari.HikariDataSource       : HikariPool-1 - Starting...
2022-04-07 18:38:11.627  INFO 24148 --- [    Test worker] com.zaxxer.hikari.HikariDataSource       : HikariPool-1 - Start completed.
2022-04-07 18:38:11.704  INFO 24148 --- [    Test worker] o.hibernate.jpa.internal.util.LogHelper  : HHH000204: Processing PersistenceUnitInfo [
	name: default
	...]
2022-04-07 18:38:11.775  INFO 24148 --- [    Test worker] org.hibernate.Version                    : HHH000412: Hibernate Core {5.3.10.Final}
2022-04-07 18:38:11.777  INFO 24148 --- [    Test worker] org.hibernate.cfg.Environment            : HHH000206: hibernate.properties not found
2022-04-07 18:38:11.937  INFO 24148 --- [    Test worker] o.hibernate.annotations.common.Version   : HCANN000001: Hibernate Commons Annotations {5.0.4.Final}
2022-04-07 18:38:12.111  INFO 24148 --- [    Test worker] org.hibernate.dialect.Dialect            : HHH000400: Using dialect: org.hibernate.dialect.MySQL5InnoDBDialect
Hibernate: drop table if exists posts
Hibernate: create table posts (id bigint not null auto_increment, created_date datetime, modified_date datetime, author varchar(255), content TEXT not null, title varchar(500) not null, primary key (id)) engine=InnoDB
2022-04-07 18:38:12.759  INFO 24148 --- [    Test worker] o.h.t.schema.internal.SchemaCreatorImpl  : HHH000476: Executing import script 'org.hibernate.tool.schema.internal.exec.ScriptSourceInputNonExistentImpl@6403ad69'
2022-04-07 18:38:12.762  INFO 24148 --- [    Test worker] j.LocalContainerEntityManagerFactoryBean : Initialized JPA EntityManagerFactory for persistence unit 'default'
2022-04-07 18:38:13.596  INFO 24148 --- [    Test worker] o.s.s.concurrent.ThreadPoolTaskExecutor  : Initializing ExecutorService 'applicationTaskExecutor'
2022-04-07 18:38:13.651  WARN 24148 --- [    Test worker] aWebConfiguration$JpaWebMvcConfiguration : spring.jpa.open-in-view is enabled by default. Therefore, database queries may be performed during view rendering. Explicitly configure spring.jpa.open-in-view to disable this warning
2022-04-07 18:38:14.003  INFO 24148 --- [    Test worker] k.k.s.s.d.posts.PostsRepositoryTest      : Started PostsRepositoryTest in 3.928 seconds (JVM running for 4.963)
Hibernate: insert into posts (created_date, modified_date, author, content, title) values (?, ?, ?, ?, ?)
2022-04-07 18:38:14.289  INFO 24148 --- [    Test worker] o.h.h.i.QueryTranslatorFactoryInitiator  : HHH000397: Using ASTQueryTranslatorFactory
Hibernate: select posts0_.id as id1_0_, posts0_.created_date as created_2_0_, posts0_.modified_date as modified3_0_, posts0_.author as author4_0_, posts0_.content as content5_0_, posts0_.title as title6_0_ from posts posts0_
Hibernate: select posts0_.id as id1_0_, posts0_.created_date as created_2_0_, posts0_.modified_date as modified3_0_, posts0_.author as author4_0_, posts0_.content as content5_0_, posts0_.title as title6_0_ from posts posts0_
Hibernate: delete from posts where id=?
]]></system-out>
  <system-err><![CDATA[]]></system-err>
</testsuite>
